This is pdfTeX, Version 3.14159265-2.6-1.40.21 (MiKTeX 20.6.29) (preloaded format=pdflatex 2020.7.7)  21 SEP 2020 22:31
entering extended mode
**./Documentation.tex
(Documentation.tex
LaTeX2e <2020-02-02> patch level 5
L3 programming layer <2020-06-18>
(C:\Users\Thomas\AppData\Local\Programs\MiKTeX\tex/latex/ieeetran\IEEEtran.cls
Document Class: IEEEtran 2015/08/26 V1.8b by Michael Shell
-- See the "IEEEtran_HOWTO" manual for usage information.
-- http://www.michaelshell.org/tex/ieeetran/
\@IEEEtrantmpdimenA=\dimen134
\@IEEEtrantmpdimenB=\dimen135
\@IEEEtrantmpdimenC=\dimen136
\@IEEEtrantmpcountA=\count167
\@IEEEtrantmpcountB=\count168
\@IEEEtrantmpcountC=\count169
\@IEEEtrantmptoksA=\toks15
LaTeX Font Info:    Trying to load font information for OT1+ptm on input line 5
03.
(C:\Users\Thomas\AppData\Local\Programs\MiKTeX\tex/latex/psnfss\ot1ptm.fd
File: ot1ptm.fd 2001/06/04 font definitions for OT1/ptm.
)
-- Using 8.5in x 11in (letter) paper.
-- Using PDF output.
\@IEEEnormalsizeunitybaselineskip=\dimen137
-- This is a 10 point document.
\CLASSINFOnormalsizebaselineskip=\dimen138
\CLASSINFOnormalsizeunitybaselineskip=\dimen139
\IEEEnormaljot=\dimen140
LaTeX Font Info:    Font shape `OT1/ptm/bx/n' in size <5> not available
(Font)              Font shape `OT1/ptm/b/n' tried instead on input line 1090.
LaTeX Font Info:    Font shape `OT1/ptm/bx/it' in size <5> not available
(Font)              Font shape `OT1/ptm/b/it' tried instead on input line 1090.

LaTeX Font Info:    Font shape `OT1/ptm/bx/n' in size <7> not available
(Font)              Font shape `OT1/ptm/b/n' tried instead on input line 1090.
LaTeX Font Info:    Font shape `OT1/ptm/bx/it' in size <7> not available
(Font)              Font shape `OT1/ptm/b/it' tried instead on input line 1090.

LaTeX Font Info:    Font shape `OT1/ptm/bx/n' in size <8> not available
(Font)              Font shape `OT1/ptm/b/n' tried instead on input line 1090.
LaTeX Font Info:    Font shape `OT1/ptm/bx/it' in size <8> not available
(Font)              Font shape `OT1/ptm/b/it' tried instead on input line 1090.

LaTeX Font Info:    Font shape `OT1/ptm/bx/n' in size <9> not available
(Font)              Font shape `OT1/ptm/b/n' tried instead on input line 1090.
LaTeX Font Info:    Font shape `OT1/ptm/bx/it' in size <9> not available
(Font)              Font shape `OT1/ptm/b/it' tried instead on input line 1090.

LaTeX Font Info:    Font shape `OT1/ptm/bx/n' in size <10> not available
(Font)              Font shape `OT1/ptm/b/n' tried instead on input line 1090.
LaTeX Font Info:    Font shape `OT1/ptm/bx/it' in size <10> not available
(Font)              Font shape `OT1/ptm/b/it' tried instead on input line 1090.

LaTeX Font Info:    Font shape `OT1/ptm/bx/n' in size <11> not available
(Font)              Font shape `OT1/ptm/b/n' tried instead on input line 1090.
LaTeX Font Info:    Font shape `OT1/ptm/bx/it' in size <11> not available
(Font)              Font shape `OT1/ptm/b/it' tried instead on input line 1090.

LaTeX Font Info:    Font shape `OT1/ptm/bx/n' in size <12> not available
(Font)              Font shape `OT1/ptm/b/n' tried instead on input line 1090.
LaTeX Font Info:    Font shape `OT1/ptm/bx/it' in size <12> not available
(Font)              Font shape `OT1/ptm/b/it' tried instead on input line 1090.

LaTeX Font Info:    Font shape `OT1/ptm/bx/n' in size <17> not available
(Font)              Font shape `OT1/ptm/b/n' tried instead on input line 1090.
LaTeX Font Info:    Font shape `OT1/ptm/bx/it' in size <17> not available
(Font)              Font shape `OT1/ptm/b/it' tried instead on input line 1090.

LaTeX Font Info:    Font shape `OT1/ptm/bx/n' in size <20> not available
(Font)              Font shape `OT1/ptm/b/n' tried instead on input line 1090.
LaTeX Font Info:    Font shape `OT1/ptm/bx/it' in size <20> not available
(Font)              Font shape `OT1/ptm/b/it' tried instead on input line 1090.

LaTeX Font Info:    Font shape `OT1/ptm/bx/n' in size <24> not available
(Font)              Font shape `OT1/ptm/b/n' tried instead on input line 1090.
LaTeX Font Info:    Font shape `OT1/ptm/bx/it' in size <24> not available
(Font)              Font shape `OT1/ptm/b/it' tried instead on input line 1090.

\IEEEquantizedlength=\dimen141
\IEEEquantizedlengthdiff=\dimen142
\IEEEquantizedtextheightdiff=\dimen143
\IEEEilabelindentA=\dimen144
\IEEEilabelindentB=\dimen145
\IEEEilabelindent=\dimen146
\IEEEelabelindent=\dimen147
\IEEEdlabelindent=\dimen148
\IEEElabelindent=\dimen149
\IEEEiednormlabelsep=\dimen150
\IEEEiedmathlabelsep=\dimen151
\IEEEiedtopsep=\skip47
\c@section=\count170
\c@subsection=\count171
\c@subsubsection=\count172
\c@paragraph=\count173
\c@IEEEsubequation=\count174
\abovecaptionskip=\skip48
\belowcaptionskip=\skip49
\c@figure=\count175
\c@table=\count176
\@IEEEeqnnumcols=\count177
\@IEEEeqncolcnt=\count178
\@IEEEsubeqnnumrollback=\count179
\@IEEEquantizeheightA=\dimen152
\@IEEEquantizeheightB=\dimen153
\@IEEEquantizeheightC=\dimen154
\@IEEEquantizeprevdepth=\dimen155
\@IEEEquantizemultiple=\count180
\@IEEEquantizeboxA=\box45
\@IEEEtmpitemindent=\dimen156
\IEEEPARstartletwidth=\dimen157
\c@IEEEbiography=\count181
\@IEEEtranrubishbin=\box46
)
** ATTENTION: Overriding command lockouts (line 2).
(C:\Users\Thomas\AppData\Local\Programs\MiKTeX\tex/latex/cite\cite.sty
LaTeX Info: Redefining \cite on input line 302.
LaTeX Info: Redefining \nocite on input line 332.
Package: cite 2015/02/27  v 5.5
)
(C:\Users\Thomas\AppData\Local\Programs\MiKTeX\tex/latex/amsmath\amsmath.sty
Package: amsmath 2020/01/20 v2.17e AMS math features
\@mathmargin=\skip50

For additional information on amsmath, use the `?' option.
(C:\Users\Thomas\AppData\Local\Programs\MiKTeX\tex/latex/amsmath\amstext.sty
Package: amstext 2000/06/29 v2.01 AMS text

(C:\Users\Thomas\AppData\Local\Programs\MiKTeX\tex/latex/amsmath\amsgen.sty
File: amsgen.sty 1999/11/30 v2.0 generic functions
\@emptytoks=\toks16
\ex@=\dimen158
))
(C:\Users\Thomas\AppData\Local\Programs\MiKTeX\tex/latex/amsmath\amsbsy.sty
Package: amsbsy 1999/11/29 v1.2d Bold Symbols
\pmbraise@=\dimen159
)
(C:\Users\Thomas\AppData\Local\Programs\MiKTeX\tex/latex/amsmath\amsopn.sty
Package: amsopn 2016/03/08 v2.02 operator names
)
\inf@bad=\count182
LaTeX Info: Redefining \frac on input line 227.
\uproot@=\count183
\leftroot@=\count184
LaTeX Info: Redefining \overline on input line 389.
\classnum@=\count185
\DOTSCASE@=\count186
LaTeX Info: Redefining \ldots on input line 486.
LaTeX Info: Redefining \dots on input line 489.
LaTeX Info: Redefining \cdots on input line 610.
\Mathstrutbox@=\box47
\strutbox@=\box48
\big@size=\dimen160
LaTeX Font Info:    Redeclaring font encoding OML on input line 733.
LaTeX Font Info:    Redeclaring font encoding OMS on input line 734.
\macc@depth=\count187
\c@MaxMatrixCols=\count188
\dotsspace@=\muskip16
\c@parentequation=\count189
\dspbrk@lvl=\count190
\tag@help=\toks17
\row@=\count191
\column@=\count192
\maxfields@=\count193
\andhelp@=\toks18
\eqnshift@=\dimen161
\alignsep@=\dimen162
\tagshift@=\dimen163
\tagwidth@=\dimen164
\totwidth@=\dimen165
\lineht@=\dimen166
\@envbody=\toks19
\multlinegap=\skip51
\multlinetaggap=\skip52
\mathdisplay@stack=\toks20
LaTeX Info: Redefining \[ on input line 2859.
LaTeX Info: Redefining \] on input line 2860.
)
(C:\Users\Thomas\AppData\Local\Programs\MiKTeX\tex/latex/amsfonts\amssymb.sty
Package: amssymb 2013/01/14 v3.01 AMS font symbols

(C:\Users\Thomas\AppData\Local\Programs\MiKTeX\tex/latex/amsfonts\amsfonts.sty
Package: amsfonts 2013/01/14 v3.01 Basic AMSFonts support
\symAMSa=\mathgroup4
\symAMSb=\mathgroup5
LaTeX Font Info:    Redeclaring math symbol \hbar on input line 98.
LaTeX Font Info:    Overwriting math alphabet `\mathfrak' in version `bold'
(Font)                  U/euf/m/n --> U/euf/b/n on input line 106.
))
(C:\Users\Thomas\AppData\Local\Programs\MiKTeX\tex/latex/algorithms\algorithmic
.sty
Package: algorithmic 2009/08/24 v0.1 Document Style `algorithmic'
 (C:\Users\Thomas\AppData\Local\Programs\MiKTeX\tex/latex/base\ifthen.sty
Package: ifthen 2014/09/29 v1.1c Standard LaTeX ifthen package (DPC)
)
(C:\Users\Thomas\AppData\Local\Programs\MiKTeX\tex/latex/graphics\keyval.sty
Package: keyval 2014/10/28 v1.15 key=value parser (DPC)
\KV@toks@=\toks21
)
\c@ALC@unique=\count194
\c@ALC@line=\count195
\c@ALC@rem=\count196
\c@ALC@depth=\count197
\ALC@tlm=\skip53
\algorithmicindent=\skip54
)
(C:\Users\Thomas\AppData\Local\Programs\MiKTeX\tex/latex/graphics\graphicx.sty
Package: graphicx 2019/11/30 v1.2a Enhanced LaTeX Graphics (DPC,SPQR)

(C:\Users\Thomas\AppData\Local\Programs\MiKTeX\tex/latex/graphics\graphics.sty
Package: graphics 2019/11/30 v1.4a Standard LaTeX Graphics (DPC,SPQR)

(C:\Users\Thomas\AppData\Local\Programs\MiKTeX\tex/latex/graphics\trig.sty
Package: trig 2016/01/03 v1.10 sin cos tan (DPC)
)
(C:\Users\Thomas\AppData\Local\Programs\MiKTeX\tex/latex/graphics-cfg\graphics.
cfg
File: graphics.cfg 2016/06/04 v1.11 sample graphics configuration
)
Package graphics Info: Driver file: pdftex.def on input line 105.

(C:\Users\Thomas\AppData\Local\Programs\MiKTeX\tex/latex/graphics-def\pdftex.de
f
File: pdftex.def 2018/01/08 v1.0l Graphics/color driver for pdftex
))
\Gin@req@height=\dimen167
\Gin@req@width=\dimen168
) (C:\Users\Thomas\AppData\Local\Programs\MiKTeX\tex/latex/base\textcomp.sty
Package: textcomp 2020/02/02 v2.0n Standard LaTeX package
) (C:\Users\Thomas\AppData\Local\Programs\MiKTeX\tex/latex/base\inputenc.sty
Package: inputenc 2018/08/11 v1.3c Input encoding file
\inpenc@prehook=\toks22
\inpenc@posthook=\toks23
)
(C:\Users\Thomas\AppData\Local\Programs\MiKTeX\tex/latex/mathtools\mathtools.st
y
Package: mathtools 2020/03/24 v1.24 mathematical typesetting tools
 (C:\Users\Thomas\AppData\Local\Programs\MiKTeX\tex/latex/tools\calc.sty
Package: calc 2017/05/25 v4.3 Infix arithmetic (KKT,FJ)
\calc@Acount=\count198
\calc@Bcount=\count199
\calc@Adimen=\dimen169
\calc@Bdimen=\dimen170
\calc@Askip=\skip55
\calc@Bskip=\skip56
LaTeX Info: Redefining \setlength on input line 80.
LaTeX Info: Redefining \addtolength on input line 81.
\calc@Ccount=\count266
\calc@Cskip=\skip57
)
(C:\Users\Thomas\AppData\Local\Programs\MiKTeX\tex/latex/mathtools\mhsetup.sty
Package: mhsetup 2017/03/31 v1.3 programming setup (MH)
)
LaTeX Info: Thecontrolsequence`\('isalreadyrobust on input line 130.
LaTeX Info: Thecontrolsequence`\)'isalreadyrobust on input line 130.
LaTeX Info: Thecontrolsequence`\['isalreadyrobust on input line 130.
LaTeX Info: Thecontrolsequence`\]'isalreadyrobust on input line 130.
\g_MT_multlinerow_int=\count267
\l_MT_multwidth_dim=\dimen171
\origjot=\skip58
\l_MT_shortvdotswithinadjustabove_dim=\dimen172
\l_MT_shortvdotswithinadjustbelow_dim=\dimen173
\l_MT_above_intertext_sep=\dimen174
\l_MT_below_intertext_sep=\dimen175
\l_MT_above_shortintertext_sep=\dimen176
\l_MT_below_shortintertext_sep=\dimen177
\xmathstrut@box=\box49
\xmathstrut@dim=\dimen178
) (C:\Users\Thomas\AppData\Local\Programs\MiKTeX\tex/latex/float\float.sty
Package: float 2001/11/08 v1.3d Float enhancements (AL)
\c@float@type=\count268
\float@exts=\toks24
\float@box=\box50
\@float@everytoks=\toks25
\@floatcapt=\box51
)
(C:\Users\Thomas\AppData\Local\Programs\MiKTeX\tex/latex/graphics\color.sty
Package: color 2019/11/23 v1.2a Standard LaTeX Color (DPC)

(C:\Users\Thomas\AppData\Local\Programs\MiKTeX\tex/latex/graphics-cfg\color.cfg
File: color.cfg 2016/01/02 v1.6 sample color configuration
)
Package color Info: Driver file: pdftex.def on input line 147.
) (C:\Users\Thomas\AppData\Local\Programs\MiKTeX\tex/latex/base\fontenc.sty
Package: fontenc 2020/02/11 v2.0o Standard LaTeX package
LaTeX Font Info:    Trying to load font information for T1+ptm on input line 11
2.

(C:\Users\Thomas\AppData\Local\Programs\MiKTeX\tex/latex/psnfss\t1ptm.fd
File: t1ptm.fd 2001/06/04 font definitions for T1/ptm.
))
(C:\Users\Thomas\AppData\Local\Programs\MiKTeX\tex/latex/xcolor\xcolor.sty
Package: xcolor 2016/05/11 v2.12 LaTeX color extensions (UK)

(C:\Users\Thomas\AppData\Local\Programs\MiKTeX\tex/latex/graphics-cfg\color.cfg
File: color.cfg 2016/01/02 v1.6 sample color configuration
)
Package xcolor Info: Driver file: pdftex.def on input line 225.
LaTeX Info: Redefining \color on input line 709.
Package xcolor Info: Model `cmy' substituted by `cmy0' on input line 1348.
Package xcolor Info: Model `hsb' substituted by `rgb' on input line 1352.
Package xcolor Info: Model `RGB' extended on input line 1364.
Package xcolor Info: Model `HTML' substituted by `rgb' on input line 1366.
Package xcolor Info: Model `Hsb' substituted by `hsb' on input line 1367.
Package xcolor Info: Model `tHsb' substituted by `hsb' on input line 1368.
Package xcolor Info: Model `HSB' substituted by `hsb' on input line 1369.
Package xcolor Info: Model `Gray' substituted by `gray' on input line 1370.
Package xcolor Info: Model `wave' substituted by `hsb' on input line 1371.
)
(C:\Users\Thomas\AppData\Local\Programs\MiKTeX\tex/latex/pythonhighlight\python
highlight.sty
Package: pythonhighlight 2017/02/09 python code highlighting; provided by Olivi
er Verdier <olivier.verdier@gmail.com>

(C:\Users\Thomas\AppData\Local\Programs\MiKTeX\tex/latex/listings\listings.sty
\lst@mode=\count269
\lst@gtempboxa=\box52
\lst@token=\toks26
\lst@length=\count270
\lst@currlwidth=\dimen179
\lst@column=\count271
\lst@pos=\count272
\lst@lostspace=\dimen180
\lst@width=\dimen181
\lst@newlines=\count273
\lst@lineno=\count274
\lst@maxwidth=\dimen182

(C:\Users\Thomas\AppData\Local\Programs\MiKTeX\tex/latex/listings\lstmisc.sty
File: lstmisc.sty 2020/03/24 1.8d (Carsten Heinz)
\c@lstnumber=\count275
\lst@skipnumbers=\count276
\lst@framebox=\box53
)
(C:\Users\Thomas\AppData\Local\Programs\MiKTeX\tex/latex/listings\listings.cfg
File: listings.cfg 2020/03/24 1.8d listings configuration
))
Package: listings 2020/03/24 1.8d (Carsten Heinz)
)
(C:\Users\Thomas\AppData\Local\Programs\MiKTeX\tex/latex/l3backend\l3backend-pd
fmode.def
File: l3backend-pdfmode.def 2020-06-29 L3 backend support: PDF mode
\l__kernel_color_stack_int=\count277
\l__pdf_internal_box=\box54
) (Documentation.aux)
\openout1 = `Documentation.aux'.

LaTeX Font Info:    Checking defaults for OML/cmm/m/it on input line 28.
LaTeX Font Info:    ... okay on input line 28.
LaTeX Font Info:    Checking defaults for OMS/cmsy/m/n on input line 28.
LaTeX Font Info:    ... okay on input line 28.
LaTeX Font Info:    Checking defaults for OT1/cmr/m/n on input line 28.
LaTeX Font Info:    ... okay on input line 28.
LaTeX Font Info:    Checking defaults for T1/cmr/m/n on input line 28.
LaTeX Font Info:    ... okay on input line 28.
LaTeX Font Info:    Checking defaults for TS1/cmr/m/n on input line 28.
LaTeX Font Info:    ... okay on input line 28.
LaTeX Font Info:    Checking defaults for OMX/cmex/m/n on input line 28.
LaTeX Font Info:    ... okay on input line 28.
LaTeX Font Info:    Checking defaults for U/cmr/m/n on input line 28.
LaTeX Font Info:    ... okay on input line 28.

-- Lines per column: 56 (exact).

(C:\Users\Thomas\AppData\Local\Programs\MiKTeX\tex/context/base/mkii\supp-pdf.m
kii
[Loading MPS to PDF converter (version 2006.09.02).]
\scratchcounter=\count278
\scratchdimen=\dimen183
\scratchbox=\box55
\nofMPsegments=\count279
\nofMParguments=\count280
\everyMPshowfont=\toks27
\MPscratchCnt=\count281
\MPscratchDim=\dimen184
\MPnumerator=\count282
\makeMPintoPDFobject=\count283
\everyMPtoPDFconversion=\toks28
)
(C:\Users\Thomas\AppData\Local\Programs\MiKTeX\tex/latex/epstopdf-pkg\epstopdf-
base.sty
Package: epstopdf-base 2020-01-24 v2.11 Base part for package epstopdf
Package epstopdf-base Info: Redefining graphics rule for `.eps' on input line 4
85.
)
\c@lstlisting=\count284
 (Documentation.toc
LaTeX Font Info:    Trying to load font information for U+msa on input line 3.

(C:\Users\Thomas\AppData\Local\Programs\MiKTeX\tex/latex/amsfonts\umsa.fd
File: umsa.fd 2013/01/14 v3.01 AMS symbols A
)
LaTeX Font Info:    Trying to load font information for U+msb on input line 3.

(C:\Users\Thomas\AppData\Local\Programs\MiKTeX\tex/latex/amsfonts\umsb.fd
File: umsb.fd 2013/01/14 v3.01 AMS symbols B
))
\tf@toc=\write3
\openout3 = `Documentation.toc'.


[1


{C:/Users/Thomas/AppData/Local/MiKTeX/pdftex/config/pdftex.map}]
Underfull \hbox (badness 1466) in paragraph at lines 53--61
[]\T1/ptm/m/n/10 Zuallererst wird vorhan-denes Rauschen, welches unter
 []


Underfull \hbox (badness 1776) in paragraph at lines 53--61
\T1/ptm/m/n/10 un-fein. In-dem erneut alle Pixel des Bildes durch-laufen
 []


Underfull \hbox (badness 2680) in paragraph at lines 53--61
\T1/ptm/m/n/10 die noch vorhan-de-nen Kan-ten-pixel klas-si-fiziert und als
 []


Underfull \hbox (badness 5217) in paragraph at lines 53--61
\T1/ptm/m/n/10 Genau hier greift meine Idee der in-volvierung einer
 []


Underfull \hbox (badness 6396) in paragraph at lines 53--61
\T1/ptm/m/n/10 ein Kan-ten-pixel finden, kön-nen wir kom-plette Kante
 []


Underfull \hbox (badness 1783) in paragraph at lines 53--61
\T1/ptm/m/n/10 durch ver-fol-gen der Kan-ten-rich-tung und Erken-nung der
 []


Underfull \hbox (badness 2221) in paragraph at lines 53--61
\T1/ptm/m/n/10 an-deren Pixel auf dem Weg er-hal-ten. Dies würde die
 []


Underfull \hbox (badness 10000) in paragraph at lines 53--61
\T1/ptm/m/n/10 Gerade auf dem Ge-biet des Auto-Focus und
 []


Underfull \hbox (badness 10000) in paragraph at lines 53--61
\T1/ptm/m/n/10 der Hochgeschwindigkeits-fo-tografie ist eine
 []


Underfull \hbox (badness 10000) in paragraph at lines 53--61

 []


Underfull \hbox (badness 3861) in paragraph at lines 71--72
[]\T1/ptm/m/n/10 Unter Nach-barschaft ver-steht man in der Bild-ver-ar-
 []


Underfull \hbox (badness 1688) in paragraph at lines 71--72
\T1/ptm/m/n/10 zwei Grund-konzepte der Nach-barschaft sind die Vierer-
 []


Underfull \hbox (badness 3281) in paragraph at lines 71--72
\T1/ptm/m/n/10 Nachbarschaft (auch D-Nachbarschaft genannt) und die
 []

<../Dokumentation/Bilder/nachbarschaft.png, id=7, 282.05376pt x 122.4575pt>
File: ../Dokumentation/Bilder/nachbarschaft.png Graphic file (type png)
<use ../Dokumentation/Bilder/nachbarschaft.png>
Package pdftex.def Info: ../Dokumentation/Bilder/nachbarschaft.png  used on inp
ut line 75.
(pdftex.def)             Requested size: 151.20154pt x 65.64583pt.

Underfull \hbox (badness 2689) in paragraph at lines 79--80
[]\T1/ptm/m/n/10 Wir be-nutzen im weit-eren Ver-lauf stets die Achter-
 []


Underfull \hbox (badness 10000) in paragraph at lines 82--83
[]\T1/ptm/m/n/10 Bei Bil-drauschen han-delt es sich um zufäl-lige
 []


Underfull \hbox (badness 10000) in paragraph at lines 82--83
\T1/ptm/m/n/10 Schwankun-gen, mit welchen die In-for-ma-tio-nen eines
 []


Underfull \hbox (badness 4454) in paragraph at lines 82--83
\T1/ptm/m/n/10 Pix-els, beispiel-sweise Farbe oder Hel-ligkeit, über-lagert
 []


Underfull \hbox (badness 10000) in paragraph at lines 82--83

 []

[2

 <../Dokumentation/Bilder/nachbarschaft.png>]
Underfull \hbox (badness 4543) in paragraph at lines 84--86
\T1/ptm/m/n/10 Bei Dig-italka-m-eras kann es auf-grund un-ter-schiedlicher
 []


Underfull \hbox (badness 10000) in paragraph at lines 84--86

 []


Underfull \hbox (badness 10000) in paragraph at lines 87--90
\T1/ptm/m/n/10 Sen-sor fällt besteht aus vie-len El-em-tarteilchen, den
 []


Underfull \hbox (badness 2846) in paragraph at lines 87--90
\T1/ptm/m/n/10 so-ge-nan-nten Pho-to-nen. Ob-wohl ein Licht-strom für das
 []


Underfull \hbox (badness 4792) in paragraph at lines 87--90
\T1/ptm/m/n/10 wird man eine gle-ich-mäÿige Verteilung der Pho-to-nen
 []


Underfull \hbox (badness 10000) in paragraph at lines 87--90

 []


Underfull \hbox (badness 3407) in paragraph at lines 91--94
\T1/ptm/m/n/10 es zur so-ge-nan-nten \T1/ptm/m/it/10 Reset-Noise \T1/ptm/m/n/10
 kommt. Das entleeren
 []


Underfull \hbox (badness 10000) in paragraph at lines 91--94

 []


Underfull \hbox (badness 10000) in paragraph at lines 95--97
\T1/ptm/m/n/10 Eletrkonen be-we-gen sich bei er-höhter Tem-per-atur
 []


Underfull \hbox (badness 6252) in paragraph at lines 95--97
\T1/ptm/m/n/10 mehr. So kann es bere-its bei Raumtem-per-a-turen zu
 []


Underfull \hbox (badness 1776) in paragraph at lines 95--97
\T1/ptm/m/n/10 Elek-tro-nen-be-we-gun-gen und damit ther-mis-chem Rauschen
 []


Underfull \hbox (badness 10000) in paragraph at lines 95--97

 []


Underfull \hbox (badness 10000) in paragraph at lines 98--100
\T1/ptm/m/n/10 Um die analo-gen Span-nungswerte in dig-i-tale Daten
 []


Underfull \hbox (badness 1360) in paragraph at lines 98--100
\T1/ptm/m/n/10 Die von einem AD-Wandler erzeugten Sig-nalfehler sind
 []


Underfull \hbox (badness 3758) in paragraph at lines 98--100
\T1/ptm/m/n/10 allerd-ings nicht zufäl-lig. Da bei un-serem Fall bere-its
 []


Underfull \hbox (badness 10000) in paragraph at lines 98--100
\T1/ptm/m/n/10 Sig-nalfehler nicht-mehr zu-ver-läs-sig vorher-sag-bar. Diese
 []


Underfull \hbox (badness 1789) in paragraph at lines 98--100
\T1/ptm/m/n/10 re-sul-tierende Schwankung in den Span-nungswerten wird
 []


Underfull \hbox (badness 3460) in paragraph at lines 98--100
\T1/ptm/m/n/10 so weit en-twick-elt, dass Quan-tisierungsrauschen keinen
 []


Underfull \hbox (badness 10000) in paragraph at lines 98--100

 []


Underfull \hbox (badness 10000) in paragraph at lines 101--103

 []


Underfull \hbox (badness 10000) in paragraph at lines 110--111

 []

(C:\Users\Thomas\AppData\Local\Programs\MiKTeX\tex/latex/listings\lstlang1.sty
File: lstlang1.sty 2020/03/24 1.8d listings language file
)
LaTeX Font Info:    Trying to load font information for T1+pcr on input line 11
7.
(C:\Users\Thomas\AppData\Local\Programs\MiKTeX\tex/latex/psnfss\t1pcr.fd
File: t1pcr.fd 2001/06/04 font definitions for T1/pcr.
)
LaTeX Font Info:    Trying to load font information for TS1+ptm on input line 1
30.

(C:\Users\Thomas\AppData\Local\Programs\MiKTeX\tex/latex/psnfss\ts1ptm.fd
File: ts1ptm.fd 2001/06/04 font definitions for TS1/ptm.
)
<../Bilder/sobel_operator.png, id=14, 282.05376pt x 161.60374pt>
File: ../Bilder/sobel_operator.png Graphic file (type png)
<use ../Bilder/sobel_operator.png>
Package pdftex.def Info: ../Bilder/sobel_operator.png  used on input line 134.
(pdftex.def)             Requested size: 151.20154pt x 86.63098pt.

Underfull \vbox (badness 1259) has occurred while \output is active []

 [3]
<../Bilder/nms_how_to.png, id=27, 463.7325pt x 222.8325pt>
File: ../Bilder/nms_how_to.png Graphic file (type png)
<use ../Bilder/nms_how_to.png>
Package pdftex.def Info: ../Bilder/nms_how_to.png  used on input line 166.
(pdftex.def)             Requested size: 252.0pt x 121.09279pt.
<../Bilder/nms_inspect_pixel.png, id=28, 204.765pt x 194.7275pt>
File: ../Bilder/nms_inspect_pixel.png Graphic file (type png)
<use ../Bilder/nms_inspect_pixel.png>
Package pdftex.def Info: ../Bilder/nms_inspect_pixel.png  used on input line 17
4.
(pdftex.def)             Requested size: 176.39923pt x 167.76247pt.

[4 <../Bilder/sobel_operator.png> <../Bilder/nms_how_to.png> <../Bilder/nms_ins
pect_pixel.png>]
Underfull \hbox (badness 3000) in paragraph at lines 250--251
[]\T1/ptm/m/n/10 Alle Pixel, welche keine der an-deren bei-den
 []


Underfull \hbox (badness 10000) in paragraph at lines 250--251

 []

[5]
Underfull \hbox (badness 4024) in paragraph at lines 338--341
[]\T1/ptm/m/n/10 Kantenerkennung ist sehr an-fäl-lig für Rauschen, da
 []


Underfull \hbox (badness 10000) in paragraph at lines 338--341
\T1/ptm/m/n/10 die meis-ten und auss-chlaggebend-sten math-e-ma-tis-chen
 []


Underfull \hbox (badness 10000) in paragraph at lines 338--341
\T1/ptm/m/n/10 Op-er-a-tio-nen auf Ableitun-gen basieren. De-shalb muss
 []


Underfull \hbox (badness 1466) in paragraph at lines 338--341
\T1/ptm/m/n/10 wer-den. Hi-er-für wir beim Canny Al-go-rith-mus das Bild
 []


Underfull \hbox (badness 2119) in paragraph at lines 338--341
\T1/ptm/m/n/10 Kern-gröÿe steigt je-doch auch die benötigte Rechen-zeit,
 []


Underfull \hbox (badness 10000) in paragraph at lines 338--341

 []

<../Bilder/hochschule_blur_5_5.png, id=40, 577.40718pt x 291.33844pt>
File: ../Bilder/hochschule_blur_5_5.png Graphic file (type png)
<use ../Bilder/hochschule_blur_5_5.png>
Package pdftex.def Info: ../Bilder/hochschule_blur_5_5.png  used on input line 
346.
(pdftex.def)             Requested size: 201.60077pt x 101.72102pt.

Underfull \hbox (badness 10000) in paragraph at lines 356--357

 []

<../Bilder/sobel_after_blur.png, id=41, 277.035pt x 292.84406pt>
File: ../Bilder/sobel_after_blur.png Graphic file (type png)
<use ../Bilder/sobel_after_blur.png>
Package pdftex.def Info: ../Bilder/sobel_after_blur.png  used on input line 366
.
(pdftex.def)             Requested size: 126.0pt x 133.19063pt.

Underfull \vbox (badness 10000) has occurred while \output is active []

 [6 <../Bilder/hochschule_blur_5_5.png> <../Bilder/sobel_after_blur.png>]
<../Bilder/nms_after_sobel.png, id=49, 289.83281pt x 298.86656pt>
File: ../Bilder/nms_after_sobel.png Graphic file (type png)
<use ../Bilder/nms_after_sobel.png>
Package pdftex.def Info: ../Bilder/nms_after_sobel.png  used on input line 380.

(pdftex.def)             Requested size: 126.0pt x 129.92836pt.

Underfull \hbox (badness 3209) in paragraph at lines 388--389
\T1/ptm/m/n/10 jedes bis jetzt als Kante markiertes Pixel als starkes
 []

<../Bilder/double_threshold_after_nms.png, id=50, 280.79906pt x 293.59688pt>
File: ../Bilder/double_threshold_after_nms.png Graphic file (type png)
<use ../Bilder/double_threshold_after_nms.png>
Package pdftex.def Info: ../Bilder/double_threshold_after_nms.png  used on inpu
t line 392.
(pdftex.def)             Requested size: 126.0pt x 131.74104pt.
<../Bilder/no_strong_pixel_around.png, id=51, 283.0575pt x 121.45375pt>
File: ../Bilder/no_strong_pixel_around.png Graphic file (type png)
<use ../Bilder/no_strong_pixel_around.png>
Package pdftex.def Info: ../Bilder/no_strong_pixel_around.png  used on input li
ne 403.
(pdftex.def)             Requested size: 201.60077pt x 86.50517pt.
<../Bilder/one_strong_pixel_around.png, id=52, 282.05376pt x 121.45375pt>
File: ../Bilder/one_strong_pixel_around.png Graphic file (type png)
<use ../Bilder/one_strong_pixel_around.png>
Package pdftex.def Info: ../Bilder/one_strong_pixel_around.png  used on input l
ine 411.
(pdftex.def)             Requested size: 201.60077pt x 86.81096pt.
<../Bilder/hysteresis_after_threshold.png, id=53, 285.31593pt x 296.60812pt>
File: ../Bilder/hysteresis_after_threshold.png Graphic file (type png)
<use ../Bilder/hysteresis_after_threshold.png>
Package pdftex.def Info: ../Bilder/hysteresis_after_threshold.png  used on inpu
t line 419.
(pdftex.def)             Requested size: 126.0pt x 130.98772pt.

Underfull \hbox (badness 10000) in paragraph at lines 427--428

 []


Underfull \hbox (badness 10000) in paragraph at lines 429--430

 []

[7 <../Bilder/nms_after_sobel.png> <../Bilder/double_threshold_after_nms.png> <
../Bilder/no_strong_pixel_around.png> <../Bilder/one_strong_pixel_around.png> <
../Bilder/hysteresis_after_threshold.png>]
Underfull \hbox (badness 10000) in paragraph at lines 431--432

 []


Underfull \vbox (badness 10000) has occurred while \output is active []

 [8]
Underfull \hbox (badness 2334) in paragraph at lines 594--597
\T1/ptm/m/n/10 die einzel-nen Stati wie neuer Grauw-ert, Rich-tung und
 []


Underfull \hbox (badness 1960) in paragraph at lines 594--597
\T1/ptm/m/n/10 und verän-dert wieder ab-spe-ich-ern. Ger-ade bei gröÿeren
 []


Underfull \hbox (badness 10000) in paragraph at lines 594--597
\T1/ptm/m/n/10 Ebenso ist mit dem beschriebe-nen Vorge-hen nicht
 []


Underfull \hbox (badness 3849) in paragraph at lines 594--597
\T1/ptm/m/n/10 sichergestellt, dass man alle Kan-ten findet. Um auch
 []


Underfull \hbox (badness 2142) in paragraph at lines 594--597
\T1/ptm/m/n/10 Trotz an-fänglicher, guter Fortschritte hatte der ge-plante
 []


Underfull \hbox (badness 5036) in paragraph at lines 594--597
\T1/ptm/m/n/10 eine Ef-fizien-zsteigerung des Canny Al-go-rith-mus durch
 []


Underfull \hbox (badness 10000) in paragraph at lines 605--606
[]\T1/ptm/m/it/10 https://www.kuppelwieser.net/index.php/technik/15-
 []


Overfull \hbox (17.0549pt too wide) in paragraph at lines 607--608
[]\T1/ptm/m/it/10 https://edoc.sub.uni-hamburg.de/haw/volltexte/2016/3266/pdf/ 

 []


** Conference Paper **
Before submitting the final camera ready copy, remember to:

 1. Manually equalize the lengths of two columns on the last page
 of your paper;

 2. Ensure that any PostScript and/or PDF output post-processing
 uses only Type 1 fonts and that every step in the generation
 process uses the appropriate paper size.

[9] (Documentation.aux) ) 
Here is how much of TeX's memory you used:
 7106 strings out of 480790
 102339 string characters out of 2896833
 1009628 words of memory out of 3000000
 23016 multiletter control sequences out of 15000+200000
 638947 words of font info for 130 fonts, out of 3000000 for 9000
 1141 hyphenation exceptions out of 8191
 36i,10n,50p,866b,1779s stack positions out of 5000i,500n,10000p,200000b,50000s
{C:/Users/Thomas/AppData/Local/Programs/MiKTeX/fonts/e
nc/dvips/base/8r.enc}<C:/Users/Thomas/AppData/Local/Programs/MiKTeX/fonts/type1
/public/amsfonts/cm/cmex10.pfb><C:/Users/Thomas/AppData/Local/Programs/MiKTeX/f
onts/type1/public/amsfonts/cm/cmmi10.pfb><C:/Users/Thomas/AppData/Local/Program
s/MiKTeX/fonts/type1/public/amsfonts/cm/cmmi5.pfb><C:/Users/Thomas/AppData/Loca
l/Programs/MiKTeX/fonts/type1/public/amsfonts/cm/cmmi7.pfb><C:/Users/Thomas/App
Data/Local/Programs/MiKTeX/fonts/type1/public/amsfonts/cm/cmr10.pfb><C:/Users/T
homas/AppData/Local/Programs/MiKTeX/fonts/type1/public/amsfonts/cm/cmr5.pfb><C:
/Users/Thomas/AppData/Local/Programs/MiKTeX/fonts/type1/public/amsfonts/cm/cmr7
.pfb><C:/Users/Thomas/AppData/Local/Programs/MiKTeX/fonts/type1/public/amsfonts
/cm/cmsy10.pfb><C:/Users/Thomas/AppData/Local/Programs/MiKTeX/fonts/type1/publi
c/amsfonts/cm/cmsy5.pfb><C:/Users/Thomas/AppData/Local/Programs/MiKTeX/fonts/ty
pe1/public/amsfonts/cm/cmsy7.pfb><C:/Users/Thomas/AppData/Local/Programs/MiKTeX
/fonts/type1/urw/courier/ucrb8a.pfb><C:/Users/Thomas/AppData/Local/Programs/MiK
TeX/fonts/type1/urw/courier/ucrr8a.pfb><C:/Users/Thomas/AppData/Local/Programs/
MiKTeX/fonts/type1/urw/courier/ucrro8a.pfb><C:/Users/Thomas/AppData/Local/Progr
ams/MiKTeX/fonts/type1/urw/times/utmb8a.pfb><C:/Users/Thomas/AppData/Local/Prog
rams/MiKTeX/fonts/type1/urw/times/utmr8a.pfb><C:/Users/Thomas/AppData/Local/Pro
grams/MiKTeX/fonts/type1/urw/times/utmri8a.pfb>
Output written on Documentation.pdf (9 pages, 347469 bytes).
PDF statistics:
 120 PDF objects out of 1000 (max. 8388607)
 0 named destinations out of 1000 (max. 500000)
 56 words of extra memory for PDF output out of 10000 (max. 10000000)

